<?xml version="1.0" encoding="UTF-8"?>
<!-- Generated by org.testng.reporters.JUnitReportReporter -->
<testsuite hostname="Navin" failures="0" tests="3" name="com.Pre_Interview_Assessment.runner.TestRunner" time="6.059" errors="0" timestamp="2023-01-26T18:39:58 IST" skipped="0">
  <testcase classname="com.Pre_Interview_Assessment.runner.TestRunner" name="search_school" time="0.550"/>
  <system-out/>
  <testcase classname="com.Pre_Interview_Assessment.runner.TestRunner" name="qatest_contactGroup" time="1.218"/>
  <system-out/>
  <testcase classname="com.Pre_Interview_Assessment.runner.TestRunner" name="news_contactGroup" time="4.291"/>
  <system-out/>
</testsuite> <!-- com.Pre_Interview_Assessment.runner.TestRunner -->
